2015/07/31 23:05:33 [error] [exception.CException] exception 'CException' with message 'CCaptchaValidator.action "captcha" is invalid. Unable to find such an action in the current controller.' in H:\Dev\UwAmp\www\yii-1.1.16\framework\validators\CCaptchaValidator.php:77
Stack trace:
#0 H:\Dev\UwAmp\www\yii-1.1.16\framework\validators\CCaptchaValidator.php(93): CCaptchaValidator->getCaptchaAction()
#1 H:\Dev\UwAmp\www\yii-1.1.16\framework\web\widgets\CActiveForm.php(510): CCaptchaValidator->clientValidateAttribute(Object(ContactForm), 'verifyCode')
#2 H:\Dev\UwAmp\www\yiidemo\protected\views\site\contact.php(73): CActiveForm->error(Object(ContactForm), 'verifyCode')
#3 H:\Dev\UwAmp\www\yii-1.1.16\framework\web\CBaseController.php(126): require('H:\\Dev\\UwAmp\\ww...')
#4 H:\Dev\UwAmp\www\yii-1.1.16\framework\web\CBaseController.php(95): CBaseController->renderInternal('H:\\Dev\\UwAmp\\ww...', Array, true)
#5 H:\Dev\UwAmp\www\yii-1.1.16\framework\web\CController.php(869): CBaseController->renderFile('H:\\Dev\\UwAmp\\ww...', Array, true)
#6 H:\Dev\UwAmp\www\yii-1.1.16\framework\web\CController.php(782): CController->renderPartial('contact', Array, true)
#7 H:\Dev\UwAmp\www\yiidemo\protected\controllers\SiteController.php(58): CController->render('contact', Array)
#8 H:\Dev\UwAmp\www\yii-1.1.16\framework\web\actions\CInlineAction.php(49): SiteController->actionContact()
#9 H:\Dev\UwAmp\www\yii-1.1.16\framework\web\CController.php(308): CInlineAction->runWithParams(Array)
#10 H:\Dev\UwAmp\www\yii-1.1.16\framework\web\CController.php(286): CController->runAction(Object(CInlineAction))
#11 H:\Dev\UwAmp\www\yii-1.1.16\framework\web\CController.php(265): CController->runActionWithFilters(Object(CInlineAction), Array)
#12 H:\Dev\UwAmp\www\yii-1.1.16\framework\web\CWebApplication.php(282): CController->run('contact')
#13 H:\Dev\UwAmp\www\yii-1.1.16\framework\web\CWebApplication.php(141): CWebApplication->runController('site/contact')
#14 H:\Dev\UwAmp\www\yii-1.1.16\framework\base\CApplication.php(184): CWebApplication->processRequest()
#15 H:\Dev\UwAmp\www\yiidemo\index.php(13): CApplication->run()
#16 {main}
REQUEST_URI=/yiidemo/index.php?r=site/contact
HTTP_REFERER=http://localhost/yiidemo/index.php?r=site/page&view=about
---
2015/07/31 23:20:21 [error] [exception.CHttpException.404] exception 'CHttpException' with message 'Unable to find the code you requested.' in H:\Dev\UwAmp\www\yii-1.1.16\framework\gii\CCodeGenerator.php:90
Stack trace:
#0 H:\Dev\UwAmp\www\yii-1.1.16\framework\web\actions\CInlineAction.php(49): CCodeGenerator->actionCode()
#1 H:\Dev\UwAmp\www\yii-1.1.16\framework\web\CController.php(308): CInlineAction->runWithParams(Array)
#2 H:\Dev\UwAmp\www\yii-1.1.16\framework\web\CController.php(286): CController->runAction(Object(CInlineAction))
#3 H:\Dev\UwAmp\www\yii-1.1.16\framework\web\CController.php(265): CController->runActionWithFilters(Object(CInlineAction), Array)
#4 H:\Dev\UwAmp\www\yii-1.1.16\framework\web\CWebApplication.php(282): CController->run('code')
#5 H:\Dev\UwAmp\www\yii-1.1.16\framework\web\CWebApplication.php(141): CWebApplication->runController('gii/model/code')
#6 H:\Dev\UwAmp\www\yii-1.1.16\framework\base\CApplication.php(184): CWebApplication->processRequest()
#7 H:\Dev\UwAmp\www\yiidemo\index.php(13): CApplication->run()
#8 {main}
REQUEST_URI=/yiidemo/index.php?r=gii/model/code&id=0
HTTP_REFERER=http://localhost/yiidemo/index.php?r=gii/model/index
---
2015/07/31 23:31:11 [warning] [application] Failed to set unsafe attribute "id" of "User".
in H:\Dev\UwAmp\www\yiidemo\protected\controllers\UserController.php (139)
in H:\Dev\UwAmp\www\yiidemo\index.php (13)
2015/07/31 23:31:12 [warning] [application] Failed to set unsafe attribute "id" of "User".
in H:\Dev\UwAmp\www\yiidemo\protected\controllers\UserController.php (139)
in H:\Dev\UwAmp\www\yiidemo\index.php (13)
2015/07/31 23:31:15 [warning] [application] Failed to set unsafe attribute "id" of "User".
in H:\Dev\UwAmp\www\yiidemo\protected\controllers\UserController.php (139)
in H:\Dev\UwAmp\www\yiidemo\index.php (13)
2015/07/31 23:33:01 [error] [exception.CException] exception 'CException' with message 'User and its behaviors do not have a method or closure named "search".' in H:\Dev\UwAmp\www\yii-1.1.16\framework\base\CComponent.php:266
Stack trace:
#0 H:\Dev\UwAmp\www\yii-1.1.16\framework\db\ar\CActiveRecord.php(227): CComponent->__call('search', Array)
#1 H:\Dev\UwAmp\www\yiidemo\protected\views\user\admin.php(45): CActiveRecord->__call('search', Array)
#2 H:\Dev\UwAmp\www\yiidemo\protected\views\user\admin.php(45): User->search()
#3 H:\Dev\UwAmp\www\yii-1.1.16\framework\web\CBaseController.php(126): require('H:\\Dev\\UwAmp\\ww...')
#4 H:\Dev\UwAmp\www\yii-1.1.16\framework\web\CBaseController.php(95): CBaseController->renderInternal('H:\\Dev\\UwAmp\\ww...', Array, true)
#5 H:\Dev\UwAmp\www\yii-1.1.16\framework\web\CController.php(869): CBaseController->renderFile('H:\\Dev\\UwAmp\\ww...', Array, true)
#6 H:\Dev\UwAmp\www\yii-1.1.16\framework\web\CController.php(782): CController->renderPartial('admin', Array, true)
#7 H:\Dev\UwAmp\www\yiidemo\protected\controllers\UserController.php(143): CController->render('admin', Array)
#8 H:\Dev\UwAmp\www\yii-1.1.16\framework\web\actions\CInlineAction.php(49): UserController->actionAdmin()
#9 H:\Dev\UwAmp\www\yii-1.1.16\framework\web\CController.php(308): CInlineAction->runWithParams(Array)
#10 H:\Dev\UwAmp\www\yii-1.1.16\framework\web\filters\CFilterChain.php(133): CController->runAction(Object(CInlineAction))
#11 H:\Dev\UwAmp\www\yii-1.1.16\framework\web\filters\CFilter.php(40): CFilterChain->run()
#12 H:\Dev\UwAmp\www\yii-1.1.16\framework\web\CController.php(1145): CFilter->filter(Object(CFilterChain))
#13 H:\Dev\UwAmp\www\yii-1.1.16\framework\web\filters\CInlineFilter.php(58): CController->filterAccessControl(Object(CFilterChain))
#14 H:\Dev\UwAmp\www\yii-1.1.16\framework\web\filters\CFilterChain.php(130): CInlineFilter->filter(Object(CFilterChain))
#15 H:\Dev\UwAmp\www\yii-1.1.16\framework\web\CController.php(291): CFilterChain->run()
#16 H:\Dev\UwAmp\www\yii-1.1.16\framework\web\CController.php(265): CController->runActionWithFilters(Object(CInlineAction), Array)
#17 H:\Dev\UwAmp\www\yii-1.1.16\framework\web\CWebApplication.php(282): CController->run('admin')
#18 H:\Dev\UwAmp\www\yii-1.1.16\framework\web\CWebApplication.php(141): CWebApplication->runController('user/admin')
#19 H:\Dev\UwAmp\www\yii-1.1.16\framework\base\CApplication.php(184): CWebApplication->processRequest()
#20 H:\Dev\UwAmp\www\yiidemo\index.php(13): CApplication->run()
#21 {main}
REQUEST_URI=/yiidemo/index.php?User%5Bid%5D=3&User%5Busername%5D=&User%5Bemail%5D=&ajax=user-grid&r=user%2Fadmin
HTTP_REFERER=http://localhost/yiidemo/index.php?r=user/admin
---
2015/08/09 11:15:13 [error] [php] include(1CViewAction.php): failed to open stream: No such file or directory (H:\Dev\UwAmp\www\yii-1.1.16\framework\YiiBase.php:432)
Stack trace:
#0 unknown(0): spl_autoload_call()
#1 H:\Dev\UwAmp\www\yii-1.1.16\framework\YiiBase.php(303): class_exists()
#2 H:\Dev\UwAmp\www\yii-1.1.16\framework\YiiBase.php(196): import()
#3 H:\Dev\UwAmp\www\yii-1.1.16\framework\web\CController.php(440): createComponent()
#4 H:\Dev\UwAmp\www\yii-1.1.16\framework\web\CController.php(417): SiteController->createActionFromMap()
#5 H:\Dev\UwAmp\www\yii-1.1.16\framework\web\CController.php(259): SiteController->createAction()
#6 H:\Dev\UwAmp\www\yii-1.1.16\framework\web\CWebApplication.php(282): SiteController->run()
#7 H:\Dev\UwAmp\www\yii-1.1.16\framework\web\CWebApplication.php(141): CWebApplication->runController()
#8 H:\Dev\UwAmp\www\yii-1.1.16\framework\base\CApplication.php(184): CWebApplication->processRequest()
#9 H:\Dev\UwAmp\www\yiidemo\index.php(13): CWebApplication->run()
REQUEST_URI=/yiidemo/index.php?r=site/page&view=about
in H:\Dev\UwAmp\www\yiidemo\index.php (13)
2015/08/14 17:41:24 [error] [exception.CException] exception 'CException' with message 'UserController cannot find the requested view "index".' in H:\Dev\UwAmp\www\yii-1.1.16\framework\web\CController.php:878
Stack trace:
#0 H:\Dev\UwAmp\www\yii-1.1.16\framework\web\CController.php(782): CController->renderPartial('index', Array, true)
#1 H:\Dev\UwAmp\www\yii-composer-skeleton\protected\controllers\UserController.php(129): CController->render('index', Array)
#2 H:\Dev\UwAmp\www\yii-1.1.16\framework\web\actions\CInlineAction.php(49): UserController->actionIndex()
#3 H:\Dev\UwAmp\www\yii-1.1.16\framework\web\CController.php(308): CInlineAction->runWithParams(Array)
#4 H:\Dev\UwAmp\www\yii-1.1.16\framework\web\filters\CFilterChain.php(133): CController->runAction(Object(CInlineAction))
#5 H:\Dev\UwAmp\www\yii-1.1.16\framework\web\filters\CFilter.php(40): CFilterChain->run()
#6 H:\Dev\UwAmp\www\yii-1.1.16\framework\web\CController.php(1145): CFilter->filter(Object(CFilterChain))
#7 H:\Dev\UwAmp\www\yii-1.1.16\framework\web\filters\CInlineFilter.php(58): CController->filterAccessControl(Object(CFilterChain))
#8 H:\Dev\UwAmp\www\yii-1.1.16\framework\web\filters\CFilterChain.php(130): CInlineFilter->filter(Object(CFilterChain))
#9 H:\Dev\UwAmp\www\yii-1.1.16\framework\web\CController.php(291): CFilterChain->run()
#10 H:\Dev\UwAmp\www\yii-1.1.16\framework\web\CController.php(265): CController->runActionWithFilters(Object(CInlineAction), Array)
#11 H:\Dev\UwAmp\www\yii-1.1.16\framework\web\CWebApplication.php(282): CController->run('index')
#12 H:\Dev\UwAmp\www\yii-1.1.16\framework\web\CWebApplication.php(141): CWebApplication->runController('user/index')
#13 H:\Dev\UwAmp\www\yii-1.1.16\framework\base\CApplication.php(184): CWebApplication->processRequest()
#14 H:\Dev\UwAmp\www\yii-composer-skeleton\index.php(13): CApplication->run()
#15 {main}
REQUEST_URI=/yii-composer-skeleton/index.php?r=user/index
---
2015/08/14 17:41:35 [error] [exception.CDbException] exception 'CDbException' with message 'The table "tbl_user" for active record class "User" cannot be found in the database.' in H:\Dev\UwAmp\www\yii-1.1.16\framework\db\ar\CActiveRecord.php:2385
Stack trace:
#0 H:\Dev\UwAmp\www\yii-1.1.16\framework\db\ar\CActiveRecord.php(411): CActiveRecordMetaData->__construct(Object(User))
#1 H:\Dev\UwAmp\www\yii-1.1.16\framework\db\ar\CActiveRecord.php(661): CActiveRecord->getMetaData()
#2 H:\Dev\UwAmp\www\yii-1.1.16\framework\db\ar\CActiveRecord.php(1606): CActiveRecord->getTableSchema()
#3 H:\Dev\UwAmp\www\yii-1.1.16\framework\web\CActiveDataProvider.php(228): CActiveRecord->count(Object(CDbCriteria))
#4 H:\Dev\UwAmp\www\yii-1.1.16\framework\web\CDataProvider.php(224): CActiveDataProvider->calculateTotalItemCount()
#5 H:\Dev\UwAmp\www\yii-1.1.16\framework\web\CActiveDataProvider.php(178): CDataProvider->getTotalItemCount()
#6 H:\Dev\UwAmp\www\yii-1.1.16\framework\web\CDataProvider.php(168): CActiveDataProvider->fetchData()
#7 H:\Dev\UwAmp\www\yii-1.1.16\framework\zii\widgets\CBaseListView.php(125): CDataProvider->getData()
#8 H:\Dev\UwAmp\www\yii-1.1.16\framework\zii\widgets\CListView.php(211): CBaseListView->init()
#9 H:\Dev\UwAmp\www\yii-1.1.16\framework\web\CBaseController.php(147): CListView->init()
#10 H:\Dev\UwAmp\www\yii-1.1.16\framework\web\CBaseController.php(180): CBaseController->createWidget('zii.widgets.CLi...', Array)
#11 H:\Dev\UwAmp\www\yii-composer-skeleton\protected\views\user\index.php(20): CBaseController->widget('zii.widgets.CLi...', Array)
#12 H:\Dev\UwAmp\www\yii-1.1.16\framework\web\CBaseController.php(126): require('H:\\Dev\\UwAmp\\ww...')
#13 H:\Dev\UwAmp\www\yii-1.1.16\framework\web\CBaseController.php(95): CBaseController->renderInternal('H:\\Dev\\UwAmp\\ww...', Array, true)
#14 H:\Dev\UwAmp\www\yii-1.1.16\framework\web\CController.php(869): CBaseController->renderFile('H:\\Dev\\UwAmp\\ww...', Array, true)
#15 H:\Dev\UwAmp\www\yii-1.1.16\framework\web\CController.php(782): CController->renderPartial('index', Array, true)
#16 H:\Dev\UwAmp\www\yii-composer-skeleton\protected\controllers\UserController.php(129): CController->render('index', Array)
#17 H:\Dev\UwAmp\www\yii-1.1.16\framework\web\actions\CInlineAction.php(49): UserController->actionIndex()
#18 H:\Dev\UwAmp\www\yii-1.1.16\framework\web\CController.php(308): CInlineAction->runWithParams(Array)
#19 H:\Dev\UwAmp\www\yii-1.1.16\framework\web\filters\CFilterChain.php(133): CController->runAction(Object(CInlineAction))
#20 H:\Dev\UwAmp\www\yii-1.1.16\framework\web\filters\CFilter.php(40): CFilterChain->run()
#21 H:\Dev\UwAmp\www\yii-1.1.16\framework\web\CController.php(1145): CFilter->filter(Object(CFilterChain))
#22 H:\Dev\UwAmp\www\yii-1.1.16\framework\web\filters\CInlineFilter.php(58): CController->filterAccessControl(Object(CFilterChain))
#23 H:\Dev\UwAmp\www\yii-1.1.16\framework\web\filters\CFilterChain.php(130): CInlineFilter->filter(Object(CFilterChain))
#24 H:\Dev\UwAmp\www\yii-1.1.16\framework\web\CController.php(291): CFilterChain->run()
#25 H:\Dev\UwAmp\www\yii-1.1.16\framework\web\CController.php(265): CController->runActionWithFilters(Object(CInlineAction), Array)
#26 H:\Dev\UwAmp\www\yii-1.1.16\framework\web\CWebApplication.php(282): CController->run('index')
#27 H:\Dev\UwAmp\www\yii-1.1.16\framework\web\CWebApplication.php(141): CWebApplication->runController('user/index')
#28 H:\Dev\UwAmp\www\yii-1.1.16\framework\base\CApplication.php(184): CWebApplication->processRequest()
#29 H:\Dev\UwAmp\www\yii-composer-skeleton\index.php(13): CApplication->run()
#30 {main}
REQUEST_URI=/yii-composer-skeleton/index.php?r=user/index
---
2015/08/14 17:41:39 [error] [exception.CDbException] exception 'CDbException' with message 'The table "tbl_user" for active record class "User" cannot be found in the database.' in H:\Dev\UwAmp\www\yii-1.1.16\framework\db\ar\CActiveRecord.php:2385
Stack trace:
#0 H:\Dev\UwAmp\www\yii-1.1.16\framework\db\ar\CActiveRecord.php(411): CActiveRecordMetaData->__construct(Object(User))
#1 H:\Dev\UwAmp\www\yii-1.1.16\framework\db\ar\CActiveRecord.php(661): CActiveRecord->getMetaData()
#2 H:\Dev\UwAmp\www\yii-1.1.16\framework\db\ar\CActiveRecord.php(1606): CActiveRecord->getTableSchema()
#3 H:\Dev\UwAmp\www\yii-1.1.16\framework\web\CActiveDataProvider.php(228): CActiveRecord->count(Object(CDbCriteria))
#4 H:\Dev\UwAmp\www\yii-1.1.16\framework\web\CDataProvider.php(224): CActiveDataProvider->calculateTotalItemCount()
#5 H:\Dev\UwAmp\www\yii-1.1.16\framework\web\CActiveDataProvider.php(178): CDataProvider->getTotalItemCount()
#6 H:\Dev\UwAmp\www\yii-1.1.16\framework\web\CDataProvider.php(168): CActiveDataProvider->fetchData()
#7 H:\Dev\UwAmp\www\yii-1.1.16\framework\zii\widgets\CBaseListView.php(125): CDataProvider->getData()
#8 H:\Dev\UwAmp\www\yii-1.1.16\framework\zii\widgets\CListView.php(211): CBaseListView->init()
#9 H:\Dev\UwAmp\www\yii-1.1.16\framework\web\CBaseController.php(147): CListView->init()
#10 H:\Dev\UwAmp\www\yii-1.1.16\framework\web\CBaseController.php(180): CBaseController->createWidget('zii.widgets.CLi...', Array)
#11 H:\Dev\UwAmp\www\yii-composer-skeleton\protected\views\user\index.php(20): CBaseController->widget('zii.widgets.CLi...', Array)
#12 H:\Dev\UwAmp\www\yii-1.1.16\framework\web\CBaseController.php(126): require('H:\\Dev\\UwAmp\\ww...')
#13 H:\Dev\UwAmp\www\yii-1.1.16\framework\web\CBaseController.php(95): CBaseController->renderInternal('H:\\Dev\\UwAmp\\ww...', Array, true)
#14 H:\Dev\UwAmp\www\yii-1.1.16\framework\web\CController.php(869): CBaseController->renderFile('H:\\Dev\\UwAmp\\ww...', Array, true)
#15 H:\Dev\UwAmp\www\yii-1.1.16\framework\web\CController.php(782): CController->renderPartial('index', Array, true)
#16 H:\Dev\UwAmp\www\yii-composer-skeleton\protected\controllers\UserController.php(129): CController->render('index', Array)
#17 H:\Dev\UwAmp\www\yii-1.1.16\framework\web\actions\CInlineAction.php(49): UserController->actionIndex()
#18 H:\Dev\UwAmp\www\yii-1.1.16\framework\web\CController.php(308): CInlineAction->runWithParams(Array)
#19 H:\Dev\UwAmp\www\yii-1.1.16\framework\web\filters\CFilterChain.php(133): CController->runAction(Object(CInlineAction))
#20 H:\Dev\UwAmp\www\yii-1.1.16\framework\web\filters\CFilter.php(40): CFilterChain->run()
#21 H:\Dev\UwAmp\www\yii-1.1.16\framework\web\CController.php(1145): CFilter->filter(Object(CFilterChain))
#22 H:\Dev\UwAmp\www\yii-1.1.16\framework\web\filters\CInlineFilter.php(58): CController->filterAccessControl(Object(CFilterChain))
#23 H:\Dev\UwAmp\www\yii-1.1.16\framework\web\filters\CFilterChain.php(130): CInlineFilter->filter(Object(CFilterChain))
#24 H:\Dev\UwAmp\www\yii-1.1.16\framework\web\CController.php(291): CFilterChain->run()
#25 H:\Dev\UwAmp\www\yii-1.1.16\framework\web\CController.php(265): CController->runActionWithFilters(Object(CInlineAction), Array)
#26 H:\Dev\UwAmp\www\yii-1.1.16\framework\web\CWebApplication.php(282): CController->run('index')
#27 H:\Dev\UwAmp\www\yii-1.1.16\framework\web\CWebApplication.php(141): CWebApplication->runController('user/index')
#28 H:\Dev\UwAmp\www\yii-1.1.16\framework\base\CApplication.php(184): CWebApplication->processRequest()
#29 H:\Dev\UwAmp\www\yii-composer-skeleton\index.php(13): CApplication->run()
#30 {main}
REQUEST_URI=/yii-composer-skeleton/index.php?r=user/index
---
2015/08/14 17:44:12 [error] [exception.CHttpException.404] exception 'CHttpException' with message 'The system is unable to find the requested action "logout".' in H:\Dev\UwAmp\www\yii-1.1.16\framework\web\CController.php:483
Stack trace:
#0 H:\Dev\UwAmp\www\yii-1.1.16\framework\web\CController.php(270): CController->missingAction('logout')
#1 H:\Dev\UwAmp\www\yii-1.1.16\framework\web\CWebApplication.php(282): CController->run('logout')
#2 H:\Dev\UwAmp\www\yii-1.1.16\framework\web\CWebApplication.php(141): CWebApplication->runController('site/logout')
#3 H:\Dev\UwAmp\www\yii-1.1.16\framework\base\CApplication.php(184): CWebApplication->processRequest()
#4 H:\Dev\UwAmp\www\yii-composer-skeleton\index.php(13): CApplication->run()
#5 {main}
REQUEST_URI=/yii-composer-skeleton/index.php?r=site/logout
HTTP_REFERER=http://localhost/yii-composer-skeleton/index.php?r=site/index
---
